> Task :compileJava UP-TO-DATE
> Task :processResources UP-TO-DATE
> Task :classes UP-TO-DATE
> Task :resolveMainClassName

> Task :bootRun

  .   ____          _            __ _ _
 /\\ / ___'_ __ _ _(_)_ __  __ _ \ \ \ \
( ( )\___ | '_ | '_| | '_ \/ _` | \ \ \ \
 \\/  ___)| |_)| | | | | || (_| |  ) ) ) )
  '  |____| .__|_| |_|_| |_\__, | / / / /
 =========|_|==============|___/=/_/_/_/

 :: Spring Boot ::                (v3.5.7)

2026-01-30T17:09:18.200+07:00  INFO 15296 --- [           main] c.i.s.SpringDataJpaApplication           : Starting SpringDataJpaApplication using Java 21.0.10 with PID 15296 (C:\Users\ADMIN\IdeaProjects\spring-jpa\build\classes\java\main started by ADMIN in C:\Users\ADMIN\IdeaProjects\spring-jpa)
2026-01-30T17:09:18.203+07:00  INFO 15296 --- [           main] c.i.s.SpringDataJpaApplication           : The following 1 profile is active: "dev"
2026-01-30T17:09:19.015+07:00  INFO 15296 --- [           main] .s.d.r.c.RepositoryConfigurationDelegate : Bootstrapping Spring Data JPA repositories in DEFAULT mode.
2026-01-30T17:09:19.077+07:00  INFO 15296 --- [           main] .s.d.r.c.RepositoryConfigurationDelegate : Finished Spring Data repository scanning in 54 ms. Found 2 JPA repository interfaces.
2026-01-30T17:09:19.843+07:00  INFO 15296 --- [           main] o.s.b.w.embedded.tomcat.TomcatWebServer  : Tomcat initialized with port 8080 (http)
2026-01-30T17:09:19.873+07:00  INFO 15296 --- [           main] o.apache.catalina.core.StandardService   : Starting service [Tomcat]
2026-01-30T17:09:19.873+07:00  INFO 15296 --- [           main] o.apache.catalina.core.StandardEngine    : Starting Servlet engine: [Apache Tomcat/10.1.48]
2026-01-30T17:09:19.978+07:00  INFO 15296 --- [           main] o.a.c.c.C.[Tomcat].[localhost].[/]       : Initializing Spring embedded WebApplicationContext
2026-01-30T17:09:19.980+07:00  INFO 15296 --- [           main] w.s.c.ServletWebServerApplicationContext : Root WebApplicationContext: initialization completed in 1725 ms
2026-01-30T17:09:20.228+07:00  INFO 15296 --- [           main] o.hibernate.jpa.internal.util.LogHelper  : HHH000204: Processing PersistenceUnitInfo [name: default]
2026-01-30T17:09:20.286+07:00  INFO 15296 --- [           main] org.hibernate.Version                    : HHH000412: Hibernate ORM core version 6.6.33.Final
2026-01-30T17:09:20.348+07:00  INFO 15296 --- [           main] o.h.c.internal.RegionFactoryInitiator    : HHH000026: Second-level cache disabled
2026-01-30T17:09:21.143+07:00  INFO 15296 --- [           main] o.s.o.j.p.SpringPersistenceUnitInfo      : No LoadTimeWeaver setup: ignoring JPA class transformer
2026-01-30T17:09:21.210+07:00  INFO 15296 --- [           main] com.zaxxer.hikari.HikariDataSource       : HikariPool-1 - Starting...
2026-01-30T17:09:21.527+07:00  INFO 15296 --- [           main] com.zaxxer.hikari.pool.HikariPool        : HikariPool-1 - Added connection org.postgresql.jdbc.PgConnection@74bdfa0b
2026-01-30T17:09:21.533+07:00  INFO 15296 --- [           main] com.zaxxer.hikari.HikariDataSource       : HikariPool-1 - Start completed.
2026-01-30T17:09:21.665+07:00  INFO 15296 --- [           main] org.hibernate.orm.connections.pooling    : HHH10001005: Database info:
	Database JDBC URL [Connecting through datasource 'HikariDataSource (HikariPool-1)']
	Database driver: undefined/unknown
	Database version: 17.7
	Autocommit mode: undefined/unknown
	Isolation level: undefined/unknown
	Minimum pool size: undefined/unknown
	Maximum pool size: undefined/unknown
2026-01-30T17:09:23.283+07:00  INFO 15296 --- [           main] o.h.e.t.j.p.i.JtaPlatformInitiator       : HHH000489: No JTA platform available (set 'hibernate.transaction.jta.platform' to enable JTA platform integration)
2026-01-30T17:09:23.298+07:00 DEBUG 15296 --- [           main] org.hibernate.SQL                        : 
    set client_min_messages = WARNING
Hibernate: 
    set client_min_messages = WARNING
2026-01-30T17:09:23.304+07:00 DEBUG 15296 --- [           main] org.hibernate.SQL                        : 
    alter table if exists products 
       drop constraint if exists FKog2rp4qthbtt2lfyhfo32lsw9
Hibernate: 
    alter table if exists products 
       drop constraint if exists FKog2rp4qthbtt2lfyhfo32lsw9
2026-01-30T17:09:23.307+07:00 DEBUG 15296 --- [           main] org.hibernate.SQL                        : 
    drop table if exists categories cascade
Hibernate: 
    drop table if exists categories cascade
2026-01-30T17:09:23.310+07:00 DEBUG 15296 --- [           main] org.hibernate.SQL                        : 
    drop table if exists products cascade
Hibernate: 
    drop table if exists products cascade
2026-01-30T17:09:23.318+07:00 DEBUG 15296 --- [           main] org.hibernate.SQL                        : 
    create table categories (
        created_at timestamp(6) with time zone not null,
        updated_at timestamp(6) with time zone not null,
        id uuid not null,
        description varchar(2000),
        created_by varchar(255),
        name varchar(255) not null unique,
        updated_by varchar(255),
        primary key (id)
    )
Hibernate: 
    create table categories (
        created_at timestamp(6) with time zone not null,
        updated_at timestamp(6) with time zone not null,
        id uuid not null,
        description varchar(2000),
        created_by varchar(255),
        name varchar(255) not null unique,
        updated_by varchar(255),
        primary key (id)
    )
2026-01-30T17:09:23.336+07:00 DEBUG 15296 --- [           main] org.hibernate.SQL                        : 
    create table products (
        price numeric(19,2) not null,
        created_at timestamp(6) with time zone not null,
        updated_at timestamp(6) with time zone not null,
        category_id uuid,
        id uuid not null,
        created_by varchar(255),
        description TEXT,
        pro_name varchar(255) not null,
        updated_by varchar(255),
        primary key (id)
    )
Hibernate: 
    create table products (
        price numeric(19,2) not null,
        created_at timestamp(6) with time zone not null,
        updated_at timestamp(6) with time zone not null,
        category_id uuid,
        id uuid not null,
        created_by varchar(255),
        description TEXT,
        pro_name varchar(255) not null,
        updated_by varchar(255),
        primary key (id)
    )
2026-01-30T17:09:23.343+07:00 DEBUG 15296 --- [           main] org.hibernate.SQL                        : 
    alter table if exists products 
       add constraint FKog2rp4qthbtt2lfyhfo32lsw9 
       foreign key (category_id) 
       references categories
Hibernate: 
    alter table if exists products 
       add constraint FKog2rp4qthbtt2lfyhfo32lsw9 
       foreign key (category_id) 
       references categories
2026-01-30T17:09:23.357+07:00  INFO 15296 --- [           main] j.LocalContainerEntityManagerFactoryBean : Initialized JPA EntityManagerFactory for persistence unit 'default'
2026-01-30T17:09:24.156+07:00  WARN 15296 --- [           main] ConfigServletWebServerApplicationContext : Exception encountered during context initialization - cancelling refresh attempt: org.springframework.context.ApplicationContextException: Failed to start bean 'webServerStartStop'
2026-01-30T17:09:24.158+07:00  INFO 15296 --- [           main] j.LocalContainerEntityManagerFactoryBean : Closing JPA EntityManagerFactory for persistence unit 'default'
2026-01-30T17:09:24.158+07:00 DEBUG 15296 --- [           main] org.hibernate.SQL                        : 
    set client_min_messages = WARNING
Hibernate: 
    set client_min_messages = WARNING
2026-01-30T17:09:24.162+07:00 DEBUG 15296 --- [           main] org.hibernate.SQL                        : 
    alter table if exists products 
       drop constraint if exists FKog2rp4qthbtt2lfyhfo32lsw9
Hibernate: 
    alter table if exists products 
       drop constraint if exists FKog2rp4qthbtt2lfyhfo32lsw9
2026-01-30T17:09:24.168+07:00 DEBUG 15296 --- [           main] org.hibernate.SQL                        : 
    drop table if exists categories cascade
Hibernate: 
    drop table if exists categories cascade
2026-01-30T17:09:24.175+07:00 DEBUG 15296 --- [           main] org.hibernate.SQL                        : 
    drop table if exists products cascade
Hibernate: 
    drop table if exists products cascade
2026-01-30T17:09:24.182+07:00  INFO 15296 --- [           main] com.zaxxer.hikari.HikariDataSource       : HikariPool-1 - Shutdown initiated...
2026-01-30T17:09:24.192+07:00  INFO 15296 --- [           main] com.zaxxer.hikari.HikariDataSource       : HikariPool-1 - Shutdown completed.
2026-01-30T17:09:24.206+07:00  INFO 15296 --- [           main] .s.b.a.l.ConditionEvaluationReportLogger : 

Error starting ApplicationContext. To display the condition evaluation report re-run your application with 'debug' enabled.
2026-01-30T17:09:24.225+07:00 ERROR 15296 --- [           main] o.s.b.d.LoggingFailureAnalysisReporter   : 

***************************
APPLICATION FAILED TO START
***************************

Description:

Web server failed to start. Port 8080 was already in use.

Action:

Identify and stop the process that's listening on port 8080 or configure this application to listen on another port.


> Task :bootRun FAILED
4 actionable tasks: 2 executed, 2 up-to-date
